<?xml version="1.0" encoding="UTF-8"?>
<testsuite xmlns:xsi="http://www.w3.org/2001/XMLSchema-instance" xsi:noNamespaceSchemaLocation="https://maven.apache.org/surefire/maven-surefire-plugin/xsd/surefire-test-report.xsd" name="de.vsy.chat.server.testing_grounds.TestConnectionThreads" time="0.184" tests="3" errors="0" skipped="0" failures="1">
  <properties>
    <property name="java.specification.version" value="17"/>
    <property name="sun.jnu.encoding" value="UTF-8"/>
    <property name="java.class.path" value="/home/fredward/NetBeansProjects/VSY_Chat_Server/target/test-classes:/home/fredward/NetBeansProjects/VSY_Chat_Server/target/classes:/home/fredward/.m2/repository/com/fasterxml/jackson/core/jackson-core/2.13.3/jackson-core-2.13.3.jar:/home/fredward/.m2/repository/com/fasterxml/jackson/core/jackson-databind/2.13.3/jackson-databind-2.13.3.jar:/home/fredward/.m2/repository/com/fasterxml/jackson/core/jackson-annotations/2.13.3/jackson-annotations-2.13.3.jar:/home/fredward/.m2/repository/org/apache/logging/log4j/log4j-api/2.17.2/log4j-api-2.17.2.jar:/home/fredward/.m2/repository/org/apache/logging/log4j/log4j-core/2.17.2/log4j-core-2.17.2.jar:/home/fredward/.m2/repository/de/vsy/chat/shared-transmission/1.0-SNAPSHOT/shared-transmission-1.0-SNAPSHOT.jar:/home/fredward/.m2/repository/de/vsy/chat/shared-utility/1.0-SNAPSHOT/shared-utility-1.0-SNAPSHOT.jar:/home/fredward/.m2/repository/de/vsy/chat/shared-module/1.0-SNAPSHOT/shared-module-1.0-SNAPSHOT.jar:/home/fredward/.m2/repository/org/junit/jupiter/junit-jupiter-api/5.8.2/junit-jupiter-api-5.8.2.jar:/home/fredward/.m2/repository/org/opentest4j/opentest4j/1.2.0/opentest4j-1.2.0.jar:/home/fredward/.m2/repository/org/junit/platform/junit-platform-commons/1.8.2/junit-platform-commons-1.8.2.jar:/home/fredward/.m2/repository/org/apiguardian/apiguardian-api/1.1.2/apiguardian-api-1.1.2.jar:/home/fredward/.m2/repository/org/junit/jupiter/junit-jupiter-engine/5.8.2/junit-jupiter-engine-5.8.2.jar:/home/fredward/.m2/repository/org/junit/platform/junit-platform-engine/1.8.2/junit-platform-engine-1.8.2.jar:/home/fredward/.m2/repository/org/junit/jupiter/junit-jupiter/5.8.2/junit-jupiter-5.8.2.jar:/home/fredward/.m2/repository/org/junit/jupiter/junit-jupiter-params/5.8.2/junit-jupiter-params-5.8.2.jar:"/>
    <property name="java.vm.vendor" value="Oracle Corporation"/>
    <property name="sun.arch.data.model" value="64"/>
    <property name="java.vendor.url" value="https://openjdk.java.net/"/>
    <property name="os.name" value="Linux"/>
    <property name="java.vm.specification.version" value="17"/>
    <property name="sun.java.launcher" value="SUN_STANDARD"/>
    <property name="user.country" value="DE"/>
    <property name="sun.boot.library.path" value="/usr/lib/jvm/java-17-openjdk/lib"/>
    <property name="sun.java.command" value="/home/fredward/NetBeansProjects/VSY_Chat_Server/target/surefire/surefirebooter5914767875168324412.jar /home/fredward/Dokumente/01_Studium/3_Semster/03_Praktika/VSY/ChatServer_Projekt/VSY_Chat_Server/target/surefire 2022-08-18T18-57-15_631-jvmRun1 surefire17698875232991366658tmp surefire_0366878640849386067tmp"/>
    <property name="jdk.debug" value="release"/>
    <property name="surefire.test.class.path" value="/home/fredward/NetBeansProjects/VSY_Chat_Server/target/test-classes:/home/fredward/NetBeansProjects/VSY_Chat_Server/target/classes:/home/fredward/.m2/repository/com/fasterxml/jackson/core/jackson-core/2.13.3/jackson-core-2.13.3.jar:/home/fredward/.m2/repository/com/fasterxml/jackson/core/jackson-databind/2.13.3/jackson-databind-2.13.3.jar:/home/fredward/.m2/repository/com/fasterxml/jackson/core/jackson-annotations/2.13.3/jackson-annotations-2.13.3.jar:/home/fredward/.m2/repository/org/apache/logging/log4j/log4j-api/2.17.2/log4j-api-2.17.2.jar:/home/fredward/.m2/repository/org/apache/logging/log4j/log4j-core/2.17.2/log4j-core-2.17.2.jar:/home/fredward/.m2/repository/de/vsy/chat/shared-transmission/1.0-SNAPSHOT/shared-transmission-1.0-SNAPSHOT.jar:/home/fredward/.m2/repository/de/vsy/chat/shared-utility/1.0-SNAPSHOT/shared-utility-1.0-SNAPSHOT.jar:/home/fredward/.m2/repository/de/vsy/chat/shared-module/1.0-SNAPSHOT/shared-module-1.0-SNAPSHOT.jar:/home/fredward/.m2/repository/org/junit/jupiter/junit-jupiter-api/5.8.2/junit-jupiter-api-5.8.2.jar:/home/fredward/.m2/repository/org/opentest4j/opentest4j/1.2.0/opentest4j-1.2.0.jar:/home/fredward/.m2/repository/org/junit/platform/junit-platform-commons/1.8.2/junit-platform-commons-1.8.2.jar:/home/fredward/.m2/repository/org/apiguardian/apiguardian-api/1.1.2/apiguardian-api-1.1.2.jar:/home/fredward/.m2/repository/org/junit/jupiter/junit-jupiter-engine/5.8.2/junit-jupiter-engine-5.8.2.jar:/home/fredward/.m2/repository/org/junit/platform/junit-platform-engine/1.8.2/junit-platform-engine-1.8.2.jar:/home/fredward/.m2/repository/org/junit/jupiter/junit-jupiter/5.8.2/junit-jupiter-5.8.2.jar:/home/fredward/.m2/repository/org/junit/jupiter/junit-jupiter-params/5.8.2/junit-jupiter-params-5.8.2.jar:"/>
    <property name="sun.cpu.endian" value="little"/>
    <property name="user.home" value="/home/fredward"/>
    <property name="user.language" value="de"/>
    <property name="java.specification.vendor" value="Oracle Corporation"/>
    <property name="java.version.date" value="2022-07-19"/>
    <property name="java.home" value="/usr/lib/jvm/java-17-openjdk"/>
    <property name="file.separator" value="/"/>
    <property name="basedir" value="/home/fredward/NetBeansProjects/VSY_Chat_Server"/>
    <property name="java.vm.compressedOopsMode" value="Zero based"/>
    <property name="line.separator" value="&#10;"/>
    <property name="java.vm.specification.vendor" value="Oracle Corporation"/>
    <property name="java.specification.name" value="Java Platform API Specification"/>
    <property name="surefire.real.class.path" value="/home/fredward/NetBeansProjects/VSY_Chat_Server/target/surefire/surefirebooter5914767875168324412.jar"/>
    <property name="sun.management.compiler" value="HotSpot 64-Bit Tiered Compilers"/>
    <property name="java.runtime.version" value="17.0.4+8"/>
    <property name="user.name" value="fredward"/>
    <property name="path.separator" value=":"/>
    <property name="os.version" value="5.10.136-1-MANJARO"/>
    <property name="java.runtime.name" value="OpenJDK Runtime Environment"/>
    <property name="file.encoding" value="UTF-8"/>
    <property name="java.vm.name" value="OpenJDK 64-Bit Server VM"/>
    <property name="maven.ext.class.path" value="/usr/lib/netbeans/java/maven-nblib/netbeans-eventspy.jar"/>
    <property name="localRepository" value="/home/fredward/.m2/repository"/>
    <property name="java.vendor.url.bug" value="https://bugreport.java.com/bugreport/"/>
    <property name="java.io.tmpdir" value="/tmp"/>
    <property name="java.version" value="17.0.4"/>
    <property name="user.dir" value="/home/fredward/NetBeansProjects/VSY_Chat_Server"/>
    <property name="os.arch" value="amd64"/>
    <property name="java.vm.specification.name" value="Java Virtual Machine Specification"/>
    <property name="native.encoding" value="UTF-8"/>
    <property name="java.library.path" value="/usr/java/packages/lib:/usr/lib64:/lib64:/lib:/usr/lib"/>
    <property name="java.vm.info" value="mixed mode"/>
    <property name="java.vendor" value="N/A"/>
    <property name="java.vm.version" value="17.0.4+8"/>
    <property name="sun.io.unicode.encoding" value="UnicodeLittle"/>
    <property name="java.class.version" value="61.0"/>
  </properties>
  <testcase name="sendSingleRead" classname="de.vsy.chat.server.testing_grounds.TestConnectionThreads" time="0.037">
    <failure message="expected: not &lt;null&gt;" type="org.opentest4j.AssertionFailedError"><![CDATA[org.opentest4j.AssertionFailedError: expected: not <null>
	at de.vsy.chat.server.testing_grounds.TestConnectionThreads.sendSingleRead(TestConnectionThreads.java:95)
]]></failure>
    <system-out><![CDATA[18:57:16.589 [INFO] PacketReadThread:123 [:21] - Gelesen: { "packetProperties": { "senderEntity": {"entityId": 143456, "entityLabel": CLIENT}, "recipientEntity": {"entityId": 123456, "entityLabel": CLIENT}, "PacketIdentifier": {"packetCategory": AUTHENTICATION, "packetType": CLIENT_LOGIN} }, "packetContent": "LoginRequestDTO": { "authenticationData": "authenticationDTO": { "login": "test", "password": "test" }}, "Hash": bbc7f51a4a956259ac6854f6028dd456d5063810, "RequestHash": null }
18:57:16.590 [INFO] TestConnectionThreads:94 [:1] - { "packetProperties": { "senderEntity": {"entityId": 123456, "entityLabel": CLIENT}, "recipientEntity": {"entityId": 143456, "entityLabel": CLIENT}, "PacketIdentifier": {"packetCategory": STATUS, "packetType": PACKET_RECEIVED} }, "packetContent": null, "Hash": ba5b7e9d18b12ec0de4cebbbf9a5ad3819e5f5e6, "RequestHash": bbc7f51a4a956259ac6854f6028dd456d5063810 }
18:57:16.591 [ERROR] PacketReadThread:97 [:21] - IOException: Verbindung abgebrochen.
]]></system-out>
  </testcase>
  <testcase name="sendTwoConnectionThreads" classname="de.vsy.chat.server.testing_grounds.TestConnectionThreads" time="0.056"/>
  <testcase name="sendSingleConnection" classname="de.vsy.chat.server.testing_grounds.TestConnectionThreads" time="0.09"/>
</testsuite>